#-----------------------------------------------------------
# Vivado v2015.4 (64-bit)
# SW Build 1412921 on Wed Nov 18 09:43:45 MST 2015
# IP Build 1412160 on Tue Nov 17 13:47:24 MST 2015
# Start of session at: Fri Apr 08 10:07:46 2016
# Process ID: 3000
# Current directory: C:/Users/jnjor/Desktop/ob/Proyecto Base
# Command line: vivado.exe -gui_launcher_event rodinguilauncherevent7204 C:\Users\jnjor\Desktop\ob\Proyecto Base\Proyecto Base.xpr
# Log file: C:/Users/jnjor/Desktop/ob/Proyecto Base/vivado.log
# Journal file: C:/Users/jnjor/Desktop/ob/Proyecto Base\vivado.jou
#-----------------------------------------------------------
start_gui
open_project {C:/Users/jnjor/Desktop/ob/Proyecto Base/Proyecto Base.xpr}
Scanning sources...
Finished scanning sources
INFO: [IP_Flow 19-234] Refreshing IP repositories
INFO: [IP_Flow 19-1704] No user IP repositories specified
INFO: [IP_Flow 19-2313] Loaded Vivado IP repository 'C:/Xilinx/Vivado/2015.4/data/ip'.
open_project: Time (s): cpu = 00:00:18 ; elapsed = 00:00:09 . Memory (MB): peak = 759.254 ; gain = 193.246
update_compile_order -fileset sources_1
close [ open {C:/Users/jnjor/Desktop/ob/Proyecto Base/Proyecto Base.srcs/sources_1/new/Ful_adder_166.vhd} w ]
add_files {{C:/Users/jnjor/Desktop/ob/Proyecto Base/Proyecto Base.srcs/sources_1/new/Ful_adder_166.vhd}}
update_compile_order -fileset sources_1
remove_files {{C:/Users/jnjor/Desktop/ob/Proyecto Base/Proyecto Base.srcs/sources_1/new/Ful_adder_166.vhd}}
file delete -force {C:/Users/jnjor/Desktop/ob/Proyecto Base/Proyecto Base.srcs/sources_1/new/Ful_adder_166.vhd}
close [ open {C:/Users/jnjor/Desktop/ob/Proyecto Base/Proyecto Base.srcs/sources_1/new/Ful_adder_16.vhd} w ]
add_files {{C:/Users/jnjor/Desktop/ob/Proyecto Base/Proyecto Base.srcs/sources_1/new/Ful_adder_16.vhd}}
update_compile_order -fileset sources_1
close [ open {C:/Users/jnjor/Desktop/ob/Proyecto Base/Proyecto Base.srcs/sources_1/new/Multiplexor.vhd} w ]
add_files {{C:/Users/jnjor/Desktop/ob/Proyecto Base/Proyecto Base.srcs/sources_1/new/Multiplexor.vhd}}
update_compile_order -fileset sources_1
close [ open {C:/Users/jnjor/Desktop/ob/Proyecto Base/Proyecto Base.srcs/sources_1/new/Full_adder.vhd} w ]
add_files {{C:/Users/jnjor/Desktop/ob/Proyecto Base/Proyecto Base.srcs/sources_1/new/Full_adder.vhd}}
update_compile_order -fileset sources_1
close [ open {C:/Users/jnjor/Desktop/ob/Proyecto Base/Proyecto Base.srcs/sources_1/new/Half_adder.vhd} w ]
add_files {{C:/Users/jnjor/Desktop/ob/Proyecto Base/Proyecto Base.srcs/sources_1/new/Half_adder.vhd}}
update_compile_order -fileset sources_1
launch_runs impl_1
[Fri Apr 08 11:14:21 2016] Launched synth_1...
Run output will be captured here: C:/Users/jnjor/Desktop/ob/Proyecto Base/Proyecto Base.runs/synth_1/runme.log
[Fri Apr 08 11:14:21 2016] Launched impl_1...
Run output will be captured here: C:/Users/jnjor/Desktop/ob/Proyecto Base/Proyecto Base.runs/impl_1/runme.log
launch_runs: Time (s): cpu = 00:00:00 ; elapsed = 00:00:12 . Memory (MB): peak = 778.242 ; gain = 6.094
update_compile_order -fileset sources_1
update_compile_order -fileset sources_1
reset_run synth_1
launch_runs impl_1
[Fri Apr 08 11:24:08 2016] Launched synth_1...
Run output will be captured here: C:/Users/jnjor/Desktop/ob/Proyecto Base/Proyecto Base.runs/synth_1/runme.log
[Fri Apr 08 11:24:08 2016] Launched impl_1...
Run output will be captured here: C:/Users/jnjor/Desktop/ob/Proyecto Base/Proyecto Base.runs/impl_1/runme.log
reset_run synth_1
launch_runs impl_1
[Fri Apr 08 11:26:22 2016] Launched synth_1...
Run output will be captured here: C:/Users/jnjor/Desktop/ob/Proyecto Base/Proyecto Base.runs/synth_1/runme.log
[Fri Apr 08 11:26:22 2016] Launched impl_1...
Run output will be captured here: C:/Users/jnjor/Desktop/ob/Proyecto Base/Proyecto Base.runs/impl_1/runme.log
reset_run synth_1
launch_runs impl_1
[Fri Apr 08 11:27:29 2016] Launched synth_1...
Run output will be captured here: C:/Users/jnjor/Desktop/ob/Proyecto Base/Proyecto Base.runs/synth_1/runme.log
[Fri Apr 08 11:27:29 2016] Launched impl_1...
Run output will be captured here: C:/Users/jnjor/Desktop/ob/Proyecto Base/Proyecto Base.runs/impl_1/runme.log
reset_run synth_1
launch_runs impl_1
[Fri Apr 08 11:28:37 2016] Launched synth_1...
Run output will be captured here: C:/Users/jnjor/Desktop/ob/Proyecto Base/Proyecto Base.runs/synth_1/runme.log
[Fri Apr 08 11:28:37 2016] Launched impl_1...
Run output will be captured here: C:/Users/jnjor/Desktop/ob/Proyecto Base/Proyecto Base.runs/impl_1/runme.log
reset_run synth_1
launch_runs impl_1
[Fri Apr 08 11:29:39 2016] Launched synth_1...
Run output will be captured here: C:/Users/jnjor/Desktop/ob/Proyecto Base/Proyecto Base.runs/synth_1/runme.log
[Fri Apr 08 11:29:39 2016] Launched impl_1...
Run output will be captured here: C:/Users/jnjor/Desktop/ob/Proyecto Base/Proyecto Base.runs/impl_1/runme.log
reset_run synth_1
launch_runs impl_1
[Fri Apr 08 11:42:59 2016] Launched synth_1...
Run output will be captured here: C:/Users/jnjor/Desktop/ob/Proyecto Base/Proyecto Base.runs/synth_1/runme.log
[Fri Apr 08 11:42:59 2016] Launched impl_1...
Run output will be captured here: C:/Users/jnjor/Desktop/ob/Proyecto Base/Proyecto Base.runs/impl_1/runme.log
reset_run synth_1
launch_runs impl_1
[Fri Apr 08 11:43:45 2016] Launched synth_1...
Run output will be captured here: C:/Users/jnjor/Desktop/ob/Proyecto Base/Proyecto Base.runs/synth_1/runme.log
[Fri Apr 08 11:43:45 2016] Launched impl_1...
Run output will be captured here: C:/Users/jnjor/Desktop/ob/Proyecto Base/Proyecto Base.runs/impl_1/runme.log
update_compile_order -fileset sources_1
reset_run synth_1
launch_runs impl_1
[Fri Apr 08 12:25:58 2016] Launched synth_1...
Run output will be captured here: C:/Users/jnjor/Desktop/ob/Proyecto Base/Proyecto Base.runs/synth_1/runme.log
[Fri Apr 08 12:25:58 2016] Launched impl_1...
Run output will be captured here: C:/Users/jnjor/Desktop/ob/Proyecto Base/Proyecto Base.runs/impl_1/runme.log
reset_run impl_1
launch_runs impl_1
[Fri Apr 08 13:59:08 2016] Launched impl_1...
Run output will be captured here: C:/Users/jnjor/Desktop/ob/Proyecto Base/Proyecto Base.runs/impl_1/runme.log
update_compile_order -fileset sources_1
reset_run synth_1
launch_runs impl_1
[Fri Apr 08 14:03:45 2016] Launched synth_1...
Run output will be captured here: C:/Users/jnjor/Desktop/ob/Proyecto Base/Proyecto Base.runs/synth_1/runme.log
[Fri Apr 08 14:03:45 2016] Launched impl_1...
Run output will be captured here: C:/Users/jnjor/Desktop/ob/Proyecto Base/Proyecto Base.runs/impl_1/runme.log
reset_run synth_1
launch_runs impl_1
[Fri Apr 08 14:04:09 2016] Launched synth_1...
Run output will be captured here: C:/Users/jnjor/Desktop/ob/Proyecto Base/Proyecto Base.runs/synth_1/runme.log
[Fri Apr 08 14:04:09 2016] Launched impl_1...
Run output will be captured here: C:/Users/jnjor/Desktop/ob/Proyecto Base/Proyecto Base.runs/impl_1/runme.log
reset_run synth_1
launch_runs impl_1
[Fri Apr 08 14:05:18 2016] Launched synth_1...
Run output will be captured here: C:/Users/jnjor/Desktop/ob/Proyecto Base/Proyecto Base.runs/synth_1/runme.log
[Fri Apr 08 14:05:18 2016] Launched impl_1...
Run output will be captured here: C:/Users/jnjor/Desktop/ob/Proyecto Base/Proyecto Base.runs/impl_1/runme.log
reset_run impl_1
launch_runs impl_1
[Fri Apr 08 14:06:55 2016] Launched impl_1...
Run output will be captured here: C:/Users/jnjor/Desktop/ob/Proyecto Base/Proyecto Base.runs/impl_1/runme.log
reset_run impl_1
launch_runs impl_1
[Fri Apr 08 14:07:27 2016] Launched impl_1...
Run output will be captured here: C:/Users/jnjor/Desktop/ob/Proyecto Base/Proyecto Base.runs/impl_1/runme.log
update_compile_order -fileset sources_1
reset_run synth_1
launch_runs impl_1
[Fri Apr 08 14:08:09 2016] Launched synth_1...
Run output will be captured here: C:/Users/jnjor/Desktop/ob/Proyecto Base/Proyecto Base.runs/synth_1/runme.log
[Fri Apr 08 14:08:09 2016] Launched impl_1...
Run output will be captured here: C:/Users/jnjor/Desktop/ob/Proyecto Base/Proyecto Base.runs/impl_1/runme.log
reset_run synth_1
launch_runs impl_1
[Fri Apr 08 14:13:13 2016] Launched synth_1...
Run output will be captured here: C:/Users/jnjor/Desktop/ob/Proyecto Base/Proyecto Base.runs/synth_1/runme.log
[Fri Apr 08 14:13:13 2016] Launched impl_1...
Run output will be captured here: C:/Users/jnjor/Desktop/ob/Proyecto Base/Proyecto Base.runs/impl_1/runme.log
reset_run synth_1
launch_runs impl_1
[Fri Apr 08 14:13:44 2016] Launched synth_1...
Run output will be captured here: C:/Users/jnjor/Desktop/ob/Proyecto Base/Proyecto Base.runs/synth_1/runme.log
[Fri Apr 08 14:13:44 2016] Launched impl_1...
Run output will be captured here: C:/Users/jnjor/Desktop/ob/Proyecto Base/Proyecto Base.runs/impl_1/runme.log
reset_run synth_1
launch_runs impl_1
[Fri Apr 08 14:14:06 2016] Launched synth_1...
Run output will be captured here: C:/Users/jnjor/Desktop/ob/Proyecto Base/Proyecto Base.runs/synth_1/runme.log
[Fri Apr 08 14:14:06 2016] Launched impl_1...
Run output will be captured here: C:/Users/jnjor/Desktop/ob/Proyecto Base/Proyecto Base.runs/impl_1/runme.log
reset_run synth_1
launch_runs impl_1
[Fri Apr 08 14:14:29 2016] Launched synth_1...
Run output will be captured here: C:/Users/jnjor/Desktop/ob/Proyecto Base/Proyecto Base.runs/synth_1/runme.log
[Fri Apr 08 14:14:29 2016] Launched impl_1...
Run output will be captured here: C:/Users/jnjor/Desktop/ob/Proyecto Base/Proyecto Base.runs/impl_1/runme.log
reset_run synth_1
launch_runs impl_1
[Fri Apr 08 14:15:20 2016] Launched synth_1...
Run output will be captured here: C:/Users/jnjor/Desktop/ob/Proyecto Base/Proyecto Base.runs/synth_1/runme.log
[Fri Apr 08 14:15:20 2016] Launched impl_1...
Run output will be captured here: C:/Users/jnjor/Desktop/ob/Proyecto Base/Proyecto Base.runs/impl_1/runme.log
reset_run synth_1
launch_runs impl_1
[Fri Apr 08 14:16:59 2016] Launched synth_1...
Run output will be captured here: C:/Users/jnjor/Desktop/ob/Proyecto Base/Proyecto Base.runs/synth_1/runme.log
[Fri Apr 08 14:16:59 2016] Launched impl_1...
Run output will be captured here: C:/Users/jnjor/Desktop/ob/Proyecto Base/Proyecto Base.runs/impl_1/runme.log
reset_run synth_1
launch_runs impl_1
[Fri Apr 08 14:20:19 2016] Launched synth_1...
Run output will be captured here: C:/Users/jnjor/Desktop/ob/Proyecto Base/Proyecto Base.runs/synth_1/runme.log
[Fri Apr 08 14:20:19 2016] Launched impl_1...
Run output will be captured here: C:/Users/jnjor/Desktop/ob/Proyecto Base/Proyecto Base.runs/impl_1/runme.log
reset_run synth_1
launch_runs impl_1
[Fri Apr 08 14:20:46 2016] Launched synth_1...
Run output will be captured here: C:/Users/jnjor/Desktop/ob/Proyecto Base/Proyecto Base.runs/synth_1/runme.log
[Fri Apr 08 14:20:46 2016] Launched impl_1...
Run output will be captured here: C:/Users/jnjor/Desktop/ob/Proyecto Base/Proyecto Base.runs/impl_1/runme.log
reset_run synth_1
launch_runs impl_1
[Fri Apr 08 14:21:31 2016] Launched synth_1...
Run output will be captured here: C:/Users/jnjor/Desktop/ob/Proyecto Base/Proyecto Base.runs/synth_1/runme.log
[Fri Apr 08 14:21:31 2016] Launched impl_1...
Run output will be captured here: C:/Users/jnjor/Desktop/ob/Proyecto Base/Proyecto Base.runs/impl_1/runme.log
reset_run synth_1
launch_runs impl_1
[Fri Apr 08 14:23:13 2016] Launched synth_1...
Run output will be captured here: C:/Users/jnjor/Desktop/ob/Proyecto Base/Proyecto Base.runs/synth_1/runme.log
[Fri Apr 08 14:23:13 2016] Launched impl_1...
Run output will be captured here: C:/Users/jnjor/Desktop/ob/Proyecto Base/Proyecto Base.runs/impl_1/runme.log
reset_run synth_1
launch_runs impl_1
[Fri Apr 08 14:26:25 2016] Launched synth_1...
Run output will be captured here: C:/Users/jnjor/Desktop/ob/Proyecto Base/Proyecto Base.runs/synth_1/runme.log
[Fri Apr 08 14:26:25 2016] Launched impl_1...
Run output will be captured here: C:/Users/jnjor/Desktop/ob/Proyecto Base/Proyecto Base.runs/impl_1/runme.log
reset_run synth_1
launch_runs impl_1
[Fri Apr 08 14:47:17 2016] Launched synth_1...
Run output will be captured here: C:/Users/jnjor/Desktop/ob/Proyecto Base/Proyecto Base.runs/synth_1/runme.log
[Fri Apr 08 14:47:17 2016] Launched impl_1...
Run output will be captured here: C:/Users/jnjor/Desktop/ob/Proyecto Base/Proyecto Base.runs/impl_1/runme.log
reset_run synth_1
launch_runs impl_1
[Fri Apr 08 14:47:57 2016] Launched synth_1...
Run output will be captured here: C:/Users/jnjor/Desktop/ob/Proyecto Base/Proyecto Base.runs/synth_1/runme.log
[Fri Apr 08 14:47:57 2016] Launched impl_1...
Run output will be captured here: C:/Users/jnjor/Desktop/ob/Proyecto Base/Proyecto Base.runs/impl_1/runme.log
reset_run synth_1
launch_runs impl_1
[Fri Apr 08 14:57:08 2016] Launched synth_1...
Run output will be captured here: C:/Users/jnjor/Desktop/ob/Proyecto Base/Proyecto Base.runs/synth_1/runme.log
[Fri Apr 08 14:57:08 2016] Launched impl_1...
Run output will be captured here: C:/Users/jnjor/Desktop/ob/Proyecto Base/Proyecto Base.runs/impl_1/runme.log
update_compile_order -fileset sources_1
reset_run synth_1
launch_runs impl_1
[Fri Apr 08 14:58:21 2016] Launched synth_1...
Run output will be captured here: C:/Users/jnjor/Desktop/ob/Proyecto Base/Proyecto Base.runs/synth_1/runme.log
[Fri Apr 08 14:58:21 2016] Launched impl_1...
Run output will be captured here: C:/Users/jnjor/Desktop/ob/Proyecto Base/Proyecto Base.runs/impl_1/runme.log
reset_run synth_1
launch_runs impl_1
[Fri Apr 08 15:34:21 2016] Launched synth_1...
Run output will be captured here: C:/Users/jnjor/Desktop/ob/Proyecto Base/Proyecto Base.runs/synth_1/runme.log
[Fri Apr 08 15:34:21 2016] Launched impl_1...
Run output will be captured here: C:/Users/jnjor/Desktop/ob/Proyecto Base/Proyecto Base.runs/impl_1/runme.log
reset_run synth_1
launch_runs impl_1
[Fri Apr 08 15:35:24 2016] Launched synth_1...
Run output will be captured here: C:/Users/jnjor/Desktop/ob/Proyecto Base/Proyecto Base.runs/synth_1/runme.log
[Fri Apr 08 15:35:24 2016] Launched impl_1...
Run output will be captured here: C:/Users/jnjor/Desktop/ob/Proyecto Base/Proyecto Base.runs/impl_1/runme.log
reset_run synth_1
launch_runs impl_1
[Fri Apr 08 15:48:32 2016] Launched synth_1...
Run output will be captured here: C:/Users/jnjor/Desktop/ob/Proyecto Base/Proyecto Base.runs/synth_1/runme.log
[Fri Apr 08 15:48:32 2016] Launched impl_1...
Run output will be captured here: C:/Users/jnjor/Desktop/ob/Proyecto Base/Proyecto Base.runs/impl_1/runme.log
open_hw
connect_hw_server
INFO: [Labtools 27-2285] Connecting to hw_server url TCP:localhost:3121
INFO: [Labtools 27-2222] Launching hw_server...
INFO: [Labtools 27-2221] Launch Output:

****** Xilinx hw_server v2015.4
  **** Build date : Nov 17 2015-18:01:07
    ** Copyright 1986-1999, 2001-2015 Xilinx, Inc. All Rights Reserved.


open_hw_target
INFO: [Labtoolstcl 44-466] Opening hw_target localhost:3121/xilinx_tcf/Digilent/210183698638A
set_property PROGRAM.FILE {C:\Users\jnjor\Desktop\Ejemplo E1.bit} [lindex [get_hw_devices] 0]
current_hw_device [lindex [get_hw_devices] 0]
refresh_hw_device -update_hw_probes false [lindex [get_hw_devices] 0]
INFO: [Labtools 27-1434] Device xc7a35t (JTAG device index = 0) is programmed with a design that has no supported debug core(s) in it.
WARNING: [Labtools 27-3123] The debug hub core was not detected at User Scan Chain 1 or 3.
Resolution: 
1. Make sure the clock connected to the debug hub (dbg_hub) core is a free running clock and is active OR
2. Manually launch hw_server with -e "set xsdb-user-bscan <C_USER_SCAN_CHAIN scan_chain_number>" to detect the debug hub at User Scan Chain of 2 or 4. To determine the user scan chain setting, open the implemented design and use: get_property C_USER_SCAN_CHAIN [get_debug_cores dbg_hub].
launch_runs impl_1 -to_step write_bitstream
[Fri Apr 08 15:52:07 2016] Launched impl_1...
Run output will be captured here: C:/Users/jnjor/Desktop/ob/Proyecto Base/Proyecto Base.runs/impl_1/runme.log
reset_run impl_1 -prev_step 
launch_runs impl_1 -to_step write_bitstream
[Fri Apr 08 15:53:30 2016] Launched impl_1...
Run output will be captured here: C:/Users/jnjor/Desktop/ob/Proyecto Base/Proyecto Base.runs/impl_1/runme.log
set_property PROBES.FILE {} [lindex [get_hw_devices] 0]
set_property PROGRAM.FILE {C:/Users/jnjor/Desktop/ob/Proyecto Base/Proyecto Base.runs/impl_1/Basys3.bit} [lindex [get_hw_devices] 0]
program_hw_devices [lindex [get_hw_devices] 0]
INFO: [Labtools 27-3164] End of startup status: HIGH
refresh_hw_device [lindex [get_hw_devices] 0]
INFO: [Labtools 27-1434] Device xc7a35t (JTAG device index = 0) is programmed with a design that has no supported debug core(s) in it.
WARNING: [Labtools 27-3123] The debug hub core was not detected at User Scan Chain 1 or 3.
Resolution: 
1. Make sure the clock connected to the debug hub (dbg_hub) core is a free running clock and is active OR
2. Manually launch hw_server with -e "set xsdb-user-bscan <C_USER_SCAN_CHAIN scan_chain_number>" to detect the debug hub at User Scan Chain of 2 or 4. To determine the user scan chain setting, open the implemented design and use: get_property C_USER_SCAN_CHAIN [get_debug_cores dbg_hub].
ERROR: [Labtoolstcl 44-513] HW Target shutdown. Closing target: localhost:3121/xilinx_tcf/Digilent/210183698638A
disconnect_hw_server localhost:3121
connect_hw_server
INFO: [Labtools 27-2285] Connecting to hw_server url TCP:localhost:3121
open_hw_target
INFO: [Labtoolstcl 44-466] Opening hw_target localhost:3121/xilinx_tcf/Digilent/210183698638A
set_property PROGRAM.FILE {C:/Users/jnjor/Desktop/ob/Proyecto Base/Proyecto Base.runs/impl_1/Basys3.bit} [lindex [get_hw_devices] 0]
current_hw_device [lindex [get_hw_devices] 0]
refresh_hw_device -update_hw_probes false [lindex [get_hw_devices] 0]
INFO: [Labtools 27-1434] Device xc7a35t (JTAG device index = 0) is programmed with a design that has no supported debug core(s) in it.
WARNING: [Labtools 27-3123] The debug hub core was not detected at User Scan Chain 1 or 3.
Resolution: 
1. Make sure the clock connected to the debug hub (dbg_hub) core is a free running clock and is active OR
2. Manually launch hw_server with -e "set xsdb-user-bscan <C_USER_SCAN_CHAIN scan_chain_number>" to detect the debug hub at User Scan Chain of 2 or 4. To determine the user scan chain setting, open the implemented design and use: get_property C_USER_SCAN_CHAIN [get_debug_cores dbg_hub].
set_property PROBES.FILE {} [lindex [get_hw_devices] 0]
set_property PROGRAM.FILE {C:/Users/jnjor/Desktop/ob/Proyecto Base/Proyecto Base.runs/impl_1/Basys3.bit} [lindex [get_hw_devices] 0]
program_hw_devices [lindex [get_hw_devices] 0]
INFO: [Labtools 27-3164] End of startup status: HIGH
refresh_hw_device [lindex [get_hw_devices] 0]
INFO: [Labtools 27-1434] Device xc7a35t (JTAG device index = 0) is programmed with a design that has no supported debug core(s) in it.
WARNING: [Labtools 27-3123] The debug hub core was not detected at User Scan Chain 1 or 3.
Resolution: 
1. Make sure the clock connected to the debug hub (dbg_hub) core is a free running clock and is active OR
2. Manually launch hw_server with -e "set xsdb-user-bscan <C_USER_SCAN_CHAIN scan_chain_number>" to detect the debug hub at User Scan Chain of 2 or 4. To determine the user scan chain setting, open the implemented design and use: get_property C_USER_SCAN_CHAIN [get_debug_cores dbg_hub].
ERROR: [Labtoolstcl 44-513] HW Target shutdown. Closing target: localhost:3121/xilinx_tcf/Digilent/210183698638A
disconnect_hw_server localhost:3121
connect_hw_server
INFO: [Labtools 27-2285] Connecting to hw_server url TCP:localhost:3121
open_hw_target
INFO: [Labtoolstcl 44-466] Opening hw_target localhost:3121/xilinx_tcf/Digilent/210183698638A
set_property PROGRAM.FILE {C:/Users/jnjor/Desktop/ob/Proyecto Base/Proyecto Base.runs/impl_1/Basys3.bit} [lindex [get_hw_devices] 0]
current_hw_device [lindex [get_hw_devices] 0]
refresh_hw_device -update_hw_probes false [lindex [get_hw_devices] 0]
INFO: [Labtools 27-1434] Device xc7a35t (JTAG device index = 0) is programmed with a design that has no supported debug core(s) in it.
WARNING: [Labtools 27-3123] The debug hub core was not detected at User Scan Chain 1 or 3.
Resolution: 
1. Make sure the clock connected to the debug hub (dbg_hub) core is a free running clock and is active OR
2. Manually launch hw_server with -e "set xsdb-user-bscan <C_USER_SCAN_CHAIN scan_chain_number>" to detect the debug hub at User Scan Chain of 2 or 4. To determine the user scan chain setting, open the implemented design and use: get_property C_USER_SCAN_CHAIN [get_debug_cores dbg_hub].
set_property PROBES.FILE {} [lindex [get_hw_devices] 0]
set_property PROGRAM.FILE {C:/Users/jnjor/Desktop/ob/Proyecto Base/Proyecto Base.runs/impl_1/Basys3.bit} [lindex [get_hw_devices] 0]
program_hw_devices [lindex [get_hw_devices] 0]
INFO: [Labtools 27-3164] End of startup status: HIGH
refresh_hw_device [lindex [get_hw_devices] 0]
INFO: [Labtools 27-1434] Device xc7a35t (JTAG device index = 0) is programmed with a design that has no supported debug core(s) in it.
WARNING: [Labtools 27-3123] The debug hub core was not detected at User Scan Chain 1 or 3.
Resolution: 
1. Make sure the clock connected to the debug hub (dbg_hub) core is a free running clock and is active OR
2. Manually launch hw_server with -e "set xsdb-user-bscan <C_USER_SCAN_CHAIN scan_chain_number>" to detect the debug hub at User Scan Chain of 2 or 4. To determine the user scan chain setting, open the implemented design and use: get_property C_USER_SCAN_CHAIN [get_debug_cores dbg_hub].
reset_run impl_1
launch_runs impl_1
[Fri Apr 08 16:13:27 2016] Launched impl_1...
Run output will be captured here: C:/Users/jnjor/Desktop/ob/Proyecto Base/Proyecto Base.runs/impl_1/runme.log
reset_run synth_1
launch_runs impl_1
[Fri Apr 08 16:15:29 2016] Launched synth_1...
Run output will be captured here: C:/Users/jnjor/Desktop/ob/Proyecto Base/Proyecto Base.runs/synth_1/runme.log
[Fri Apr 08 16:15:29 2016] Launched impl_1...
Run output will be captured here: C:/Users/jnjor/Desktop/ob/Proyecto Base/Proyecto Base.runs/impl_1/runme.log
launch_runs impl_1 -to_step write_bitstream
[Fri Apr 08 16:17:53 2016] Launched impl_1...
Run output will be captured here: C:/Users/jnjor/Desktop/ob/Proyecto Base/Proyecto Base.runs/impl_1/runme.log
ERROR: [Labtoolstcl 44-513] HW Target shutdown. Closing target: localhost:3121/xilinx_tcf/Digilent/210183698638A
disconnect_hw_server localhost:3121
connect_hw_server
INFO: [Labtools 27-2285] Connecting to hw_server url TCP:localhost:3121
open_hw_target
INFO: [Labtoolstcl 44-466] Opening hw_target localhost:3121/xilinx_tcf/Digilent/210183698638A
set_property PROGRAM.FILE {C:/Users/jnjor/Desktop/ob/Proyecto Base/Proyecto Base.runs/impl_1/Basys3.bit} [lindex [get_hw_devices] 0]
current_hw_device [lindex [get_hw_devices] 0]
refresh_hw_device -update_hw_probes false [lindex [get_hw_devices] 0]
INFO: [Labtools 27-1434] Device xc7a35t (JTAG device index = 0) is programmed with a design that has no supported debug core(s) in it.
WARNING: [Labtools 27-3123] The debug hub core was not detected at User Scan Chain 1 or 3.
Resolution: 
1. Make sure the clock connected to the debug hub (dbg_hub) core is a free running clock and is active OR
2. Manually launch hw_server with -e "set xsdb-user-bscan <C_USER_SCAN_CHAIN scan_chain_number>" to detect the debug hub at User Scan Chain of 2 or 4. To determine the user scan chain setting, open the implemented design and use: get_property C_USER_SCAN_CHAIN [get_debug_cores dbg_hub].
set_property PROBES.FILE {} [lindex [get_hw_devices] 0]
set_property PROGRAM.FILE {C:/Users/jnjor/Desktop/ob/Proyecto Base/Proyecto Base.runs/impl_1/Basys3.bit} [lindex [get_hw_devices] 0]
program_hw_devices [lindex [get_hw_devices] 0]
INFO: [Labtools 27-3164] End of startup status: HIGH
refresh_hw_device [lindex [get_hw_devices] 0]
INFO: [Labtools 27-1434] Device xc7a35t (JTAG device index = 0) is programmed with a design that has no supported debug core(s) in it.
WARNING: [Labtools 27-3123] The debug hub core was not detected at User Scan Chain 1 or 3.
Resolution: 
1. Make sure the clock connected to the debug hub (dbg_hub) core is a free running clock and is active OR
2. Manually launch hw_server with -e "set xsdb-user-bscan <C_USER_SCAN_CHAIN scan_chain_number>" to detect the debug hub at User Scan Chain of 2 or 4. To determine the user scan chain setting, open the implemented design and use: get_property C_USER_SCAN_CHAIN [get_debug_cores dbg_hub].
exit
INFO: [Common 17-206] Exiting Vivado at Fri Apr 08 16:21:22 2016...
